{
  "RSpec": {
    "coverage": {
      "/Users/UASHBMI/Code/bernard/app/models/admission.rb": [
        null,
        null,
        1,
        1,
        1,
        null,
        1,
        null
      ],
      "/Users/UASHBMI/Code/bernard/app/models/application_record.rb": [
        null,
        null,
        1,
        1,
        null
      ],
      "/Users/UASHBMI/Code/bernard/spec/models/diagnosis_spec.rb": [
        null,
        null,
        1,
        null,
        1,
        5,
        1,
        4,
        null,
        null,
        null,
        null,
        null,
        null,
        null,
        1,
        1,
        1,
        null,
        null,
        1,
        1,
        null,
        null,
        1,
        1,
        null,
        null,
        null,
        1,
        1,
        1,
        null,
        null,
        null
      ],
      "/Users/UASHBMI/Code/bernard/app/models/diagnosis.rb": [
        null,
        null,
        1,
        1,
        null
      ],
      "/Users/UASHBMI/Code/bernard/spec/models/facility_spec.rb": [
        null,
        null,
        1,
        null,
        1,
        2,
        1,
        1,
        1,
        null,
        null,
        null
      ],
      "/Users/UASHBMI/Code/bernard/app/models/facility.rb": [
        null,
        null,
        1,
        null
      ],
      "/Users/UASHBMI/Code/bernard/spec/models/patient_spec.rb": [
        null,
        null,
        1,
        null,
        1,
        1,
        13,
        null,
        null,
        null,
        null,
        null,
        null,
        null,
        null,
        null,
        null,
        null,
        null,
        null,
        1,
        13,
        null,
        null,
        null,
        null,
        null,
        1,
        13,
        null,
        null,
        null,
        null,
        null,
        14,
        14,
        14,
        14,
        null,
        1,
        1,
        1,
        null,
        null,
        1,
        1,
        null,
        null,
        1,
        1,
        null,
        null,
        1,
        1,
        null,
        null,
        1,
        1,
        null,
        null,
        1,
        1,
        null,
        null,
        null,
        1,
        1,
        1,
        null,
        null,
        1,
        1,
        null,
        null,
        1,
        1,
        null,
        null,
        1,
        1,
        null,
        null,
        1,
        1,
        null,
        null,
        1,
        1,
        null,
        null,
        1,
        1,
        null,
        null,
        null
      ],
      "/Users/UASHBMI/Code/bernard/app/models/patient.rb": [
        null,
        null,
        1,
        1,
        1,
        1,
        1,
        1,
        1,
        null,
        1,
        null,
        1,
        null
      ],
      "/Users/UASHBMI/Code/bernard/app/models/allergy.rb": [
        null,
        null,
        1,
        1,
        null
      ],
      "/Users/UASHBMI/Code/bernard/app/models/medication_order.rb": [
        null,
        null,
        1,
        1,
        null
      ],
      "/Users/UASHBMI/Code/bernard/app/models/diagnostic_procedure.rb": [
        null,
        null,
        1,
        1,
        null
      ],
      "/Users/UASHBMI/Code/bernard/app/models/treatment.rb": [
        null,
        null,
        1,
        1,
        null
      ]
    },
    "timestamp": 1571601603
  }
}
